[debug] [2019-12-23T23:56:24.177Z] ----------------------------------------------------------------------
[debug] [2019-12-23T23:56:24.179Z] Command:       /usr/local/bin/node /usr/local/bin/firebase delpoy
[debug] [2019-12-23T23:56:24.179Z] CLI Version:   7.11.0
[debug] [2019-12-23T23:56:24.179Z] Platform:      darwin
[debug] [2019-12-23T23:56:24.179Z] Node Version:  v10.16.0
[debug] [2019-12-23T23:56:24.181Z] Time:          Mon Dec 23 2019 18:56:24 GMT-0500 (Eastern Standard Time)
[debug] [2019-12-23T23:56:24.181Z] ----------------------------------------------------------------------
[debug] [2019-12-23T23:56:24.181Z] 
[error] Error: [object Object] is not a Firebase command
[debug] [2019-12-23T23:56:24.188Z] TypeError: str.toLowerCase is not a function
    at didYouMean (/usr/local/lib/node_modules/firebase-tools/node_modules/didyoumean/didYouMean-1.2.1.js:147:48)
    at suggestCommands (/usr/local/lib/node_modules/firebase-tools/lib/index.js:28:22)
    at Command.<anonymous> (/usr/local/lib/node_modules/firebase-tools/lib/index.js:57:14)
    at Command.listener (/usr/local/lib/node_modules/firebase-tools/node_modules/commander/index.js:360:8)
    at Command.emit (events.js:198:13)
    at Command.EventEmitter.emit (domain.js:448:20)
    at Command.parseArgs (/usr/local/lib/node_modules/firebase-tools/node_modules/commander/index.js:801:12)
    at Command.parse (/usr/local/lib/node_modules/firebase-tools/node_modules/commander/index.js:563:21)
    at Object.<anonymous> (/usr/local/lib/node_modules/firebase-tools/lib/bin/firebase.js:98:22)
    at Module._compile (internal/modules/cjs/loader.js:776:30)
    at Object.Module._extensions..js (internal/modules/cjs/loader.js:787:10)
    at Module.load (internal/modules/cjs/loader.js:653:32)
    at tryModuleLoad (internal/modules/cjs/loader.js:593:12)
    at Function.Module._load (internal/modules/cjs/loader.js:585:3)
    at Function.Module.runMain (internal/modules/cjs/loader.js:829:12)
    at startup (internal/bootstrap/node.js:283:19)
[error] 
[error] Error: An unexpected error has occurred.
